<?xml version="1.0" encoding="UTF-8"?>
<!-- Generated by org.testng.reporters.JUnitXMLReporter -->
<testsuite ignored="4" hostname="DESKTOP-1NI5ADC" failures="0" tests="4" name="Test1" time="0.444" errors="0" timestamp="2025-03-12T19:06:02 IST">
  <testcase classname="com.CuraHealthCareListener.ExecutingTestNG2" name="testMethod1" time="0.027"/>
  <testcase classname="com.CuraHealthCareListener.ExecutingTestNG2" name="testMethod2" time="0.018"/>
  <testcase classname="com.CuraHealthCareListener.ExecutingTestNG1" name="testMethod3" time="0.006"/>
  <testcase classname="com.CuraHealthCareListener.ExecutingTestNG1" name="testMethod4" time="0.005"/>
  <testcase classname="com.BaseClassPackage.BaseClass" name="@AfterTest afterTest" time="0.0">
    <ignored/>
  </testcase> <!-- @AfterTest afterTest -->
  <testcase classname="com.BaseClassPackage.BaseClass" name="@BeforeSuite beforeSuite" time="0.0">
    <ignored/>
  </testcase> <!-- @BeforeSuite beforeSuite -->
  <testcase classname="com.BaseClassPackage.BaseClass" name="@AfterSuite afterSuite" time="0.0">
    <ignored/>
  </testcase> <!-- @AfterSuite afterSuite -->
  <testcase classname="com.BaseClassPackage.BaseClass" name="@BeforeTest beforeTest" time="0.0">
    <ignored/>
  </testcase> <!-- @BeforeTest beforeTest -->
</testsuite> <!-- Test1 -->
