<?xml version="1.0" encoding="UTF-8"?>
<testng-results ignored="0" total="8" passed="8" failed="0" skipped="0">
  <reporter-output>
    <line>
      <![CDATA[this is before suite]]>
    </line>
    <line>
      <![CDATA[this is before test]]>
    </line>
    <line>
      <![CDATA[this is before test]]>
    </line>
    <line>
      <![CDATA[this is before class]]>
    </line>
    <line>
      <![CDATA[this is before class]]>
    </line>
    <line>
      <![CDATA[this is before method]]>
    </line>
    <line>
      <![CDATA[this is before method]]>
    </line>
    <line>
      <![CDATA[This is the test method 1]]>
    </line>
    <line>
      <![CDATA[this is after method]]>
    </line>
    <line>
      <![CDATA[This is the test method 1]]>
    </line>
    <line>
      <![CDATA[this is after method]]>
    </line>
    <line>
      <![CDATA[this is before method]]>
    </line>
    <line>
      <![CDATA[This is the test method 2]]>
    </line>
    <line>
      <![CDATA[this is before method]]>
    </line>
    <line>
      <![CDATA[This is the test method 2]]>
    </line>
    <line>
      <![CDATA[this is after method]]>
    </line>
    <line>
      <![CDATA[this is after class]]>
    </line>
    <line>
      <![CDATA[this is before class]]>
    </line>
    <line>
      <![CDATA[this is before method]]>
    </line>
    <line>
      <![CDATA[this is after method]]>
    </line>
    <line>
      <![CDATA[This is the test method 3]]>
    </line>
    <line>
      <![CDATA[this is after method]]>
    </line>
    <line>
      <![CDATA[this is after class]]>
    </line>
    <line>
      <![CDATA[this is before class]]>
    </line>
    <line>
      <![CDATA[this is before method]]>
    </line>
    <line>
      <![CDATA[This is the test method 4]]>
    </line>
    <line>
      <![CDATA[this is after method]]>
    </line>
    <line>
      <![CDATA[this is after class]]>
    </line>
    <line>
      <![CDATA[this is before method]]>
    </line>
    <line>
      <![CDATA[this is after test]]>
    </line>
    <line>
      <![CDATA[This is the test method 3]]>
    </line>
    <line>
      <![CDATA[this is after method]]>
    </line>
    <line>
      <![CDATA[this is before method]]>
    </line>
    <line>
      <![CDATA[This is the test method 4]]>
    </line>
    <line>
      <![CDATA[this is after method]]>
    </line>
    <line>
      <![CDATA[this is after class]]>
    </line>
    <line>
      <![CDATA[this is after test]]>
    </line>
    <line>
      <![CDATA[this is after suite]]>
    </line>
  </reporter-output>
  <suite started-at="2025-03-12T19:06:01 IST" name="Suite" finished-at="2025-03-12T19:06:02 IST" duration-ms="505">
    <groups>
      <group name="system">
        <method signature="ExecutingTestNG1.testMethod4()[pri:0, instance:com.CuraHealthCareListener.ExecutingTestNG1@5b12b668]" name="testMethod4" class="com.CuraHealthCareListener.ExecutingTestNG1"/>
        <method signature="ExecutingTestNG2.testMethod1()[pri:0, instance:com.CuraHealthCareListener.ExecutingTestNG2@40a4337a]" name="testMethod1" class="com.CuraHealthCareListener.ExecutingTestNG2"/>
        <method signature="ExecutingTestNG1.testMethod4()[pri:0, instance:com.CuraHealthCareListener.ExecutingTestNG1@710f4dc7]" name="testMethod4" class="com.CuraHealthCareListener.ExecutingTestNG1"/>
        <method signature="ExecutingTestNG2.testMethod1()[pri:0, instance:com.CuraHealthCareListener.ExecutingTestNG2@2925bf5b]" name="testMethod1" class="com.CuraHealthCareListener.ExecutingTestNG2"/>
      </group> <!-- system -->
      <group name="smoke">
        <method signature="ExecutingTestNG1.testMethod4()[pri:0, instance:com.CuraHealthCareListener.ExecutingTestNG1@5b12b668]" name="testMethod4" class="com.CuraHealthCareListener.ExecutingTestNG1"/>
        <method signature="ExecutingTestNG2.testMethod1()[pri:0, instance:com.CuraHealthCareListener.ExecutingTestNG2@40a4337a]" name="testMethod1" class="com.CuraHealthCareListener.ExecutingTestNG2"/>
        <method signature="ExecutingTestNG1.testMethod4()[pri:0, instance:com.CuraHealthCareListener.ExecutingTestNG1@710f4dc7]" name="testMethod4" class="com.CuraHealthCareListener.ExecutingTestNG1"/>
        <method signature="ExecutingTestNG2.testMethod1()[pri:0, instance:com.CuraHealthCareListener.ExecutingTestNG2@2925bf5b]" name="testMethod1" class="com.CuraHealthCareListener.ExecutingTestNG2"/>
      </group> <!-- smoke -->
    </groups>
    <test started-at="2025-03-12T19:06:01 IST" name="Test2" finished-at="2025-03-12T19:06:02 IST" duration-ms="505">
      <class name="com.CuraHealthCareListener.ExecutingTestNG2">
        <test-method is-config="true" signature="beforeSuite()[pri:0, instance:com.CuraHealthCareListener.ExecutingTestNG2@2925bf5b]" started-at="2025-03-12T19:06:01 IST" name="beforeSuite" finished-at="2025-03-12T19:06:01 IST" duration-ms="35" status="PASS">
          <reporter-output>
            <line>
              <![CDATA[this is before suite]]>
            </line>
          </reporter-output>
        </test-method> <!-- beforeSuite -->
        <test-method is-config="true" signature="beforeTest()[pri:0, instance:com.CuraHealthCareListener.ExecutingTestNG2@2925bf5b]" started-at="2025-03-12T19:06:01 IST" name="beforeTest" finished-at="2025-03-12T19:06:01 IST" duration-ms="4" status="PASS">
          <reporter-output>
            <line>
              <![CDATA[this is before test]]>
            </line>
          </reporter-output>
        </test-method> <!-- beforeTest -->
        <test-method is-config="true" signature="beforeClass()[pri:0, instance:com.CuraHealthCareListener.ExecutingTestNG2@2925bf5b]" started-at="2025-03-12T19:06:01 IST" name="beforeClass" finished-at="2025-03-12T19:06:01 IST" duration-ms="2" status="PASS">
          <reporter-output>
            <line>
              <![CDATA[this is before class]]>
            </line>
          </reporter-output>
        </test-method> <!-- beforeClass -->
        <test-method is-config="true" signature="beforeMethod()[pri:0, instance:com.CuraHealthCareListener.ExecutingTestNG2@2925bf5b]" started-at="2025-03-12T19:06:01 IST" name="beforeMethod" finished-at="2025-03-12T19:06:01 IST" duration-ms="24" status="PASS">
          <reporter-output>
            <line>
              <![CDATA[this is before method]]>
            </line>
          </reporter-output>
        </test-method> <!-- beforeMethod -->
        <test-method signature="testMethod1()[pri:0, instance:com.CuraHealthCareListener.ExecutingTestNG2@2925bf5b]" started-at="2025-03-12T19:06:01 IST" name="testMethod1" finished-at="2025-03-12T19:06:01 IST" duration-ms="60" status="PASS">
          <reporter-output>
            <line>
              <![CDATA[This is the test method 1]]>
            </line>
          </reporter-output>
        </test-method> <!-- testMethod1 -->
        <test-method is-config="true" signature="afterMethod()[pri:0, instance:com.CuraHealthCareListener.ExecutingTestNG2@2925bf5b]" started-at="2025-03-12T19:06:01 IST" name="afterMethod" finished-at="2025-03-12T19:06:01 IST" duration-ms="4" status="PASS">
          <reporter-output>
            <line>
              <![CDATA[this is after method]]>
            </line>
          </reporter-output>
        </test-method> <!-- afterMethod -->
        <test-method is-config="true" signature="beforeMethod()[pri:0, instance:com.CuraHealthCareListener.ExecutingTestNG2@2925bf5b]" started-at="2025-03-12T19:06:02 IST" name="beforeMethod" finished-at="2025-03-12T19:06:02 IST" duration-ms="3" status="PASS">
          <reporter-output>
            <line>
              <![CDATA[this is before method]]>
            </line>
          </reporter-output>
        </test-method> <!-- beforeMethod -->
        <test-method signature="testMethod2()[pri:0, instance:com.CuraHealthCareListener.ExecutingTestNG2@2925bf5b]" started-at="2025-03-12T19:06:02 IST" name="testMethod2" finished-at="2025-03-12T19:06:02 IST" duration-ms="13" status="PASS">
          <reporter-output>
            <line>
              <![CDATA[This is the test method 2]]>
            </line>
          </reporter-output>
        </test-method> <!-- testMethod2 -->
        <test-method is-config="true" signature="afterMethod()[pri:0, instance:com.CuraHealthCareListener.ExecutingTestNG2@2925bf5b]" started-at="2025-03-12T19:06:02 IST" name="afterMethod" finished-at="2025-03-12T19:06:02 IST" duration-ms="72" status="PASS">
          <reporter-output>
            <line>
              <![CDATA[this is after method]]>
            </line>
          </reporter-output>
        </test-method> <!-- afterMethod -->
        <test-method is-config="true" signature="afterClass()[pri:0, instance:com.CuraHealthCareListener.ExecutingTestNG2@2925bf5b]" started-at="2025-03-12T19:06:02 IST" name="afterClass" finished-at="2025-03-12T19:06:02 IST" duration-ms="11" status="PASS">
          <reporter-output>
            <line>
              <![CDATA[this is after class]]>
            </line>
          </reporter-output>
        </test-method> <!-- afterClass -->
        <test-method is-config="true" signature="afterTest()[pri:0, instance:com.CuraHealthCareListener.ExecutingTestNG2@2925bf5b]" started-at="2025-03-12T19:06:02 IST" name="afterTest" finished-at="2025-03-12T19:06:02 IST" duration-ms="1" status="PASS">
          <reporter-output>
            <line>
              <![CDATA[this is after test]]>
            </line>
          </reporter-output>
        </test-method> <!-- afterTest -->
        <test-method is-config="true" signature="afterSuite()[pri:0, instance:com.CuraHealthCareListener.ExecutingTestNG2@2925bf5b]" started-at="2025-03-12T19:06:02 IST" name="afterSuite" finished-at="2025-03-12T19:06:02 IST" duration-ms="6" status="PASS">
          <reporter-output>
            <line>
              <![CDATA[this is after suite]]>
            </line>
          </reporter-output>
        </test-method> <!-- afterSuite -->
      </class> <!-- com.CuraHealthCareListener.ExecutingTestNG2 -->
      <class name="com.CuraHealthCareListener.ExecutingTestNG1">
        <test-method is-config="true" signature="beforeClass()[pri:0, instance:com.CuraHealthCareListener.ExecutingTestNG1@710f4dc7]" started-at="2025-03-12T19:06:02 IST" name="beforeClass" finished-at="2025-03-12T19:06:02 IST" duration-ms="3" status="PASS">
          <reporter-output>
            <line>
              <![CDATA[this is before class]]>
            </line>
          </reporter-output>
        </test-method> <!-- beforeClass -->
        <test-method is-config="true" signature="beforeMethod()[pri:0, instance:com.CuraHealthCareListener.ExecutingTestNG1@710f4dc7]" started-at="2025-03-12T19:06:02 IST" name="beforeMethod" finished-at="2025-03-12T19:06:02 IST" duration-ms="32" status="PASS">
          <reporter-output>
            <line>
              <![CDATA[this is before method]]>
            </line>
          </reporter-output>
        </test-method> <!-- beforeMethod -->
        <test-method signature="testMethod3()[pri:0, instance:com.CuraHealthCareListener.ExecutingTestNG1@710f4dc7]" started-at="2025-03-12T19:06:02 IST" name="testMethod3" finished-at="2025-03-12T19:06:02 IST" duration-ms="27" status="PASS">
          <reporter-output>
            <line>
              <![CDATA[This is the test method 3]]>
            </line>
          </reporter-output>
        </test-method> <!-- testMethod3 -->
        <test-method is-config="true" signature="afterMethod()[pri:0, instance:com.CuraHealthCareListener.ExecutingTestNG1@710f4dc7]" started-at="2025-03-12T19:06:02 IST" name="afterMethod" finished-at="2025-03-12T19:06:02 IST" duration-ms="1" status="PASS">
          <reporter-output>
            <line>
              <![CDATA[this is after method]]>
            </line>
          </reporter-output>
        </test-method> <!-- afterMethod -->
        <test-method is-config="true" signature="beforeMethod()[pri:0, instance:com.CuraHealthCareListener.ExecutingTestNG1@710f4dc7]" started-at="2025-03-12T19:06:02 IST" name="beforeMethod" finished-at="2025-03-12T19:06:02 IST" duration-ms="2" status="PASS">
          <reporter-output>
            <line>
              <![CDATA[this is before method]]>
            </line>
          </reporter-output>
        </test-method> <!-- beforeMethod -->
        <test-method signature="testMethod4()[pri:0, instance:com.CuraHealthCareListener.ExecutingTestNG1@710f4dc7]" started-at="2025-03-12T19:06:02 IST" name="testMethod4" finished-at="2025-03-12T19:06:02 IST" duration-ms="6" status="PASS">
          <reporter-output>
            <line>
              <![CDATA[This is the test method 4]]>
            </line>
          </reporter-output>
        </test-method> <!-- testMethod4 -->
        <test-method is-config="true" signature="afterMethod()[pri:0, instance:com.CuraHealthCareListener.ExecutingTestNG1@710f4dc7]" started-at="2025-03-12T19:06:02 IST" name="afterMethod" finished-at="2025-03-12T19:06:02 IST" duration-ms="1" status="PASS">
          <reporter-output>
            <line>
              <![CDATA[this is after method]]>
            </line>
          </reporter-output>
        </test-method> <!-- afterMethod -->
        <test-method is-config="true" signature="afterClass()[pri:0, instance:com.CuraHealthCareListener.ExecutingTestNG1@710f4dc7]" started-at="2025-03-12T19:06:02 IST" name="afterClass" finished-at="2025-03-12T19:06:02 IST" duration-ms="1" status="PASS">
          <reporter-output>
            <line>
              <![CDATA[this is after class]]>
            </line>
          </reporter-output>
        </test-method> <!-- afterClass -->
      </class> <!-- com.CuraHealthCareListener.ExecutingTestNG1 -->
    </test> <!-- Test2 -->
    <test started-at="2025-03-12T19:06:01 IST" name="Test1" finished-at="2025-03-12T19:06:02 IST" duration-ms="444">
      <class name="com.CuraHealthCareListener.ExecutingTestNG2">
        <test-method is-config="true" signature="beforeTest()[pri:0, instance:com.CuraHealthCareListener.ExecutingTestNG2@40a4337a]" started-at="2025-03-12T19:06:01 IST" name="beforeTest" finished-at="2025-03-12T19:06:01 IST" duration-ms="6" status="PASS">
          <reporter-output>
            <line>
              <![CDATA[this is before test]]>
            </line>
          </reporter-output>
        </test-method> <!-- beforeTest -->
        <test-method is-config="true" signature="beforeClass()[pri:0, instance:com.CuraHealthCareListener.ExecutingTestNG2@40a4337a]" started-at="2025-03-12T19:06:01 IST" name="beforeClass" finished-at="2025-03-12T19:06:01 IST" duration-ms="2" status="PASS">
          <reporter-output>
            <line>
              <![CDATA[this is before class]]>
            </line>
          </reporter-output>
        </test-method> <!-- beforeClass -->
        <test-method is-config="true" signature="beforeMethod()[pri:0, instance:com.CuraHealthCareListener.ExecutingTestNG2@40a4337a]" started-at="2025-03-12T19:06:01 IST" name="beforeMethod" finished-at="2025-03-12T19:06:01 IST" duration-ms="5" status="PASS">
          <reporter-output>
            <line>
              <![CDATA[this is before method]]>
            </line>
          </reporter-output>
        </test-method> <!-- beforeMethod -->
        <test-method signature="testMethod1()[pri:0, instance:com.CuraHealthCareListener.ExecutingTestNG2@40a4337a]" started-at="2025-03-12T19:06:01 IST" name="testMethod1" finished-at="2025-03-12T19:06:01 IST" duration-ms="27" status="PASS">
          <reporter-output>
            <line>
              <![CDATA[This is the test method 1]]>
            </line>
          </reporter-output>
        </test-method> <!-- testMethod1 -->
        <test-method is-config="true" signature="afterMethod()[pri:0, instance:com.CuraHealthCareListener.ExecutingTestNG2@40a4337a]" started-at="2025-03-12T19:06:01 IST" name="afterMethod" finished-at="2025-03-12T19:06:01 IST" duration-ms="3" status="PASS">
          <reporter-output>
            <line>
              <![CDATA[this is after method]]>
            </line>
          </reporter-output>
        </test-method> <!-- afterMethod -->
        <test-method is-config="true" signature="beforeMethod()[pri:0, instance:com.CuraHealthCareListener.ExecutingTestNG2@40a4337a]" started-at="2025-03-12T19:06:02 IST" name="beforeMethod" finished-at="2025-03-12T19:06:02 IST" duration-ms="8" status="PASS">
          <reporter-output>
            <line>
              <![CDATA[this is before method]]>
            </line>
          </reporter-output>
        </test-method> <!-- beforeMethod -->
        <test-method signature="testMethod2()[pri:0, instance:com.CuraHealthCareListener.ExecutingTestNG2@40a4337a]" started-at="2025-03-12T19:06:02 IST" name="testMethod2" finished-at="2025-03-12T19:06:02 IST" duration-ms="18" status="PASS">
          <reporter-output>
            <line>
              <![CDATA[This is the test method 2]]>
            </line>
          </reporter-output>
        </test-method> <!-- testMethod2 -->
        <test-method is-config="true" signature="afterMethod()[pri:0, instance:com.CuraHealthCareListener.ExecutingTestNG2@40a4337a]" started-at="2025-03-12T19:06:02 IST" name="afterMethod" finished-at="2025-03-12T19:06:02 IST" duration-ms="1" status="PASS">
          <reporter-output>
            <line>
              <![CDATA[this is after method]]>
            </line>
          </reporter-output>
        </test-method> <!-- afterMethod -->
        <test-method is-config="true" signature="afterClass()[pri:0, instance:com.CuraHealthCareListener.ExecutingTestNG2@40a4337a]" started-at="2025-03-12T19:06:02 IST" name="afterClass" finished-at="2025-03-12T19:06:02 IST" duration-ms="3" status="PASS">
          <reporter-output>
            <line>
              <![CDATA[this is after class]]>
            </line>
          </reporter-output>
        </test-method> <!-- afterClass -->
        <test-method is-config="true" signature="afterTest()[pri:0, instance:com.CuraHealthCareListener.ExecutingTestNG2@40a4337a]" started-at="2025-03-12T19:06:02 IST" name="afterTest" finished-at="2025-03-12T19:06:02 IST" duration-ms="4" status="PASS">
          <reporter-output>
            <line>
              <![CDATA[this is after test]]>
            </line>
          </reporter-output>
        </test-method> <!-- afterTest -->
      </class> <!-- com.CuraHealthCareListener.ExecutingTestNG2 -->
      <class name="com.CuraHealthCareListener.ExecutingTestNG1">
        <test-method is-config="true" signature="beforeClass()[pri:0, instance:com.CuraHealthCareListener.ExecutingTestNG1@5b12b668]" started-at="2025-03-12T19:06:02 IST" name="beforeClass" finished-at="2025-03-12T19:06:02 IST" duration-ms="5" status="PASS">
          <reporter-output>
            <line>
              <![CDATA[this is before class]]>
            </line>
          </reporter-output>
        </test-method> <!-- beforeClass -->
        <test-method is-config="true" signature="beforeMethod()[pri:0, instance:com.CuraHealthCareListener.ExecutingTestNG1@5b12b668]" started-at="2025-03-12T19:06:02 IST" name="beforeMethod" finished-at="2025-03-12T19:06:02 IST" duration-ms="3" status="PASS">
          <reporter-output>
            <line>
              <![CDATA[this is before method]]>
            </line>
          </reporter-output>
        </test-method> <!-- beforeMethod -->
        <test-method signature="testMethod3()[pri:0, instance:com.CuraHealthCareListener.ExecutingTestNG1@5b12b668]" started-at="2025-03-12T19:06:02 IST" name="testMethod3" finished-at="2025-03-12T19:06:02 IST" duration-ms="6" status="PASS">
          <reporter-output>
            <line>
              <![CDATA[This is the test method 3]]>
            </line>
          </reporter-output>
        </test-method> <!-- testMethod3 -->
        <test-method is-config="true" signature="afterMethod()[pri:0, instance:com.CuraHealthCareListener.ExecutingTestNG1@5b12b668]" started-at="2025-03-12T19:06:02 IST" name="afterMethod" finished-at="2025-03-12T19:06:02 IST" duration-ms="3" status="PASS">
          <reporter-output>
            <line>
              <![CDATA[this is after method]]>
            </line>
          </reporter-output>
        </test-method> <!-- afterMethod -->
        <test-method is-config="true" signature="beforeMethod()[pri:0, instance:com.CuraHealthCareListener.ExecutingTestNG1@5b12b668]" started-at="2025-03-12T19:06:02 IST" name="beforeMethod" finished-at="2025-03-12T19:06:02 IST" duration-ms="1" status="PASS">
          <reporter-output>
            <line>
              <![CDATA[this is before method]]>
            </line>
          </reporter-output>
        </test-method> <!-- beforeMethod -->
        <test-method signature="testMethod4()[pri:0, instance:com.CuraHealthCareListener.ExecutingTestNG1@5b12b668]" started-at="2025-03-12T19:06:02 IST" name="testMethod4" finished-at="2025-03-12T19:06:02 IST" duration-ms="5" status="PASS">
          <reporter-output>
            <line>
              <![CDATA[This is the test method 4]]>
            </line>
          </reporter-output>
        </test-method> <!-- testMethod4 -->
        <test-method is-config="true" signature="afterMethod()[pri:0, instance:com.CuraHealthCareListener.ExecutingTestNG1@5b12b668]" started-at="2025-03-12T19:06:02 IST" name="afterMethod" finished-at="2025-03-12T19:06:02 IST" duration-ms="6" status="PASS">
          <reporter-output>
            <line>
              <![CDATA[this is after method]]>
            </line>
          </reporter-output>
        </test-method> <!-- afterMethod -->
        <test-method is-config="true" signature="afterClass()[pri:0, instance:com.CuraHealthCareListener.ExecutingTestNG1@5b12b668]" started-at="2025-03-12T19:06:02 IST" name="afterClass" finished-at="2025-03-12T19:06:02 IST" duration-ms="1" status="PASS">
          <reporter-output>
            <line>
              <![CDATA[this is after class]]>
            </line>
          </reporter-output>
        </test-method> <!-- afterClass -->
      </class> <!-- com.CuraHealthCareListener.ExecutingTestNG1 -->
    </test> <!-- Test1 -->
  </suite> <!-- Suite -->
</testng-results>
